{"C:\\Users\\User\\Documents\\Gate-Wize\\app\\backend\\src\\lib\\data\\services\\formService.ts": {"path":"C:\\Users\\User\\Documents\\Gate-Wize\\app\\backend\\src\\lib\\data\\services\\formService.ts","all":false,"statementMap":{"0":{"start":{"line":1,"column":0},"end":{"line":1,"column":3}},"28":{"start":{"line":29,"column":0},"end":{"line":29,"column":51}},"30":{"start":{"line":31,"column":0},"end":{"line":31,"column":59}},"31":{"start":{"line":32,"column":0},"end":{"line":32,"column":32}},"32":{"start":{"line":33,"column":0},"end":{"line":33,"column":30}},"33":{"start":{"line":34,"column":0},"end":{"line":34,"column":65}},"34":{"start":{"line":35,"column":0},"end":{"line":35,"column":35}},"35":{"start":{"line":36,"column":0},"end":{"line":36,"column":3}},"36":{"start":{"line":37,"column":0},"end":{"line":37,"column":30}},"37":{"start":{"line":38,"column":0},"end":{"line":38,"column":17}},"38":{"start":{"line":39,"column":0},"end":{"line":39,"column":1}},"40":{"start":{"line":41,"column":0},"end":{"line":41,"column":44}},"41":{"start":{"line":42,"column":0},"end":{"line":42,"column":32}},"42":{"start":{"line":43,"column":0},"end":{"line":43,"column":33}},"43":{"start":{"line":44,"column":0},"end":{"line":44,"column":13}},"44":{"start":{"line":45,"column":0},"end":{"line":45,"column":1}},"46":{"start":{"line":47,"column":0},"end":{"line":47,"column":46}},"47":{"start":{"line":48,"column":0},"end":{"line":48,"column":38}},"48":{"start":{"line":49,"column":0},"end":{"line":49,"column":26}},"49":{"start":{"line":50,"column":0},"end":{"line":50,"column":1}},"51":{"start":{"line":52,"column":0},"end":{"line":52,"column":61}},"52":{"start":{"line":53,"column":0},"end":{"line":53,"column":23}},"53":{"start":{"line":54,"column":0},"end":{"line":54,"column":25}},"54":{"start":{"line":55,"column":0},"end":{"line":55,"column":27}},"55":{"start":{"line":56,"column":0},"end":{"line":56,"column":65}},"56":{"start":{"line":57,"column":0},"end":{"line":57,"column":48}},"57":{"start":{"line":58,"column":0},"end":{"line":58,"column":37}},"58":{"start":{"line":59,"column":0},"end":{"line":59,"column":29}},"59":{"start":{"line":60,"column":0},"end":{"line":60,"column":46}},"60":{"start":{"line":61,"column":0},"end":{"line":61,"column":62}},"61":{"start":{"line":62,"column":0},"end":{"line":62,"column":79}},"62":{"start":{"line":63,"column":0},"end":{"line":63,"column":21}},"63":{"start":{"line":64,"column":0},"end":{"line":64,"column":7}},"64":{"start":{"line":65,"column":0},"end":{"line":65,"column":7}},"65":{"start":{"line":66,"column":0},"end":{"line":66,"column":38}},"66":{"start":{"line":67,"column":0},"end":{"line":67,"column":46}},"67":{"start":{"line":68,"column":0},"end":{"line":68,"column":5}},"69":{"start":{"line":70,"column":0},"end":{"line":70,"column":74}},"70":{"start":{"line":71,"column":0},"end":{"line":71,"column":25}},"71":{"start":{"line":72,"column":0},"end":{"line":72,"column":9}},"72":{"start":{"line":73,"column":0},"end":{"line":73,"column":37}},"73":{"start":{"line":74,"column":0},"end":{"line":74,"column":77}},"74":{"start":{"line":75,"column":0},"end":{"line":75,"column":92}},"77":{"start":{"line":78,"column":0},"end":{"line":78,"column":58}},"78":{"start":{"line":79,"column":0},"end":{"line":79,"column":17}},"79":{"start":{"line":80,"column":0},"end":{"line":80,"column":7}},"81":{"start":{"line":82,"column":0},"end":{"line":82,"column":38}},"82":{"start":{"line":83,"column":0},"end":{"line":83,"column":13}},"83":{"start":{"line":84,"column":0},"end":{"line":84,"column":34}},"84":{"start":{"line":85,"column":0},"end":{"line":85,"column":5}},"85":{"start":{"line":86,"column":0},"end":{"line":86,"column":3}},"86":{"start":{"line":87,"column":0},"end":{"line":87,"column":14}},"87":{"start":{"line":88,"column":0},"end":{"line":88,"column":1}},"89":{"start":{"line":90,"column":0},"end":{"line":90,"column":46}},"90":{"start":{"line":91,"column":0},"end":{"line":91,"column":32}},"91":{"start":{"line":92,"column":0},"end":{"line":92,"column":7}},"92":{"start":{"line":93,"column":0},"end":{"line":93,"column":48}},"93":{"start":{"line":94,"column":0},"end":{"line":94,"column":20}},"94":{"start":{"line":95,"column":0},"end":{"line":95,"column":61}},"95":{"start":{"line":96,"column":0},"end":{"line":96,"column":12}},"96":{"start":{"line":97,"column":0},"end":{"line":97,"column":3}},"97":{"start":{"line":98,"column":0},"end":{"line":98,"column":1}}},"s":{"0":1,"28":1,"30":2,"31":2,"32":2,"33":2,"34":2,"35":2,"36":2,"37":2,"38":2,"40":8,"41":8,"42":8,"43":7,"44":7,"46":2,"47":2,"48":2,"49":2,"51":2,"52":2,"53":2,"54":2,"55":2,"56":2,"57":2,"58":4,"59":4,"60":4,"61":4,"62":4,"63":4,"64":2,"65":2,"66":2,"67":2,"69":2,"70":2,"71":4,"72":4,"73":4,"74":4,"77":4,"78":1,"79":1,"81":3,"82":4,"83":0,"84":0,"85":4,"86":2,"87":2,"89":3,"90":3,"91":3,"92":3,"93":3,"94":2,"95":1,"96":1,"97":3},"branchMap":{"0":{"type":"branch","line":31,"loc":{"start":{"line":31,"column":0},"end":{"line":39,"column":1}},"locations":[{"start":{"line":31,"column":0},"end":{"line":39,"column":1}}]},"1":{"type":"branch","line":41,"loc":{"start":{"line":41,"column":0},"end":{"line":45,"column":1}},"locations":[{"start":{"line":41,"column":0},"end":{"line":45,"column":1}}]},"2":{"type":"branch","line":43,"loc":{"start":{"line":43,"column":31},"end":{"line":45,"column":1}},"locations":[{"start":{"line":43,"column":31},"end":{"line":45,"column":1}}]},"3":{"type":"branch","line":47,"loc":{"start":{"line":47,"column":0},"end":{"line":50,"column":1}},"locations":[{"start":{"line":47,"column":0},"end":{"line":50,"column":1}}]},"4":{"type":"branch","line":52,"loc":{"start":{"line":52,"column":0},"end":{"line":88,"column":1}},"locations":[{"start":{"line":52,"column":0},"end":{"line":88,"column":1}}]},"5":{"type":"branch","line":71,"loc":{"start":{"line":71,"column":24},"end":{"line":86,"column":3}},"locations":[{"start":{"line":71,"column":24},"end":{"line":86,"column":3}}]},"6":{"type":"branch","line":74,"loc":{"start":{"line":74,"column":67},"end":{"line":74,"column":77}},"locations":[{"start":{"line":74,"column":67},"end":{"line":74,"column":77}}]},"7":{"type":"branch","line":75,"loc":{"start":{"line":75,"column":73},"end":{"line":75,"column":92}},"locations":[{"start":{"line":75,"column":73},"end":{"line":75,"column":92}}]},"8":{"type":"branch","line":78,"loc":{"start":{"line":78,"column":11},"end":{"line":78,"column":57}},"locations":[{"start":{"line":78,"column":11},"end":{"line":78,"column":57}}]},"9":{"type":"branch","line":78,"loc":{"start":{"line":78,"column":57},"end":{"line":80,"column":7}},"locations":[{"start":{"line":78,"column":57},"end":{"line":80,"column":7}}]},"10":{"type":"branch","line":80,"loc":{"start":{"line":80,"column":6},"end":{"line":83,"column":12}},"locations":[{"start":{"line":80,"column":6},"end":{"line":83,"column":12}}]},"11":{"type":"branch","line":83,"loc":{"start":{"line":83,"column":4},"end":{"line":85,"column":5}},"locations":[{"start":{"line":83,"column":4},"end":{"line":85,"column":5}}]},"12":{"type":"branch","line":57,"loc":{"start":{"line":57,"column":26},"end":{"line":68,"column":3}},"locations":[{"start":{"line":57,"column":26},"end":{"line":68,"column":3}}]},"13":{"type":"branch","line":58,"loc":{"start":{"line":58,"column":22},"end":{"line":65,"column":5}},"locations":[{"start":{"line":58,"column":22},"end":{"line":65,"column":5}}]},"14":{"type":"branch","line":59,"loc":{"start":{"line":59,"column":22},"end":{"line":59,"column":29}},"locations":[{"start":{"line":59,"column":22},"end":{"line":59,"column":29}}]},"15":{"type":"branch","line":66,"loc":{"start":{"line":66,"column":21},"end":{"line":66,"column":36}},"locations":[{"start":{"line":66,"column":21},"end":{"line":66,"column":36}}]},"16":{"type":"branch","line":90,"loc":{"start":{"line":90,"column":0},"end":{"line":98,"column":1}},"locations":[{"start":{"line":90,"column":0},"end":{"line":98,"column":1}}]},"17":{"type":"branch","line":93,"loc":{"start":{"line":93,"column":46},"end":{"line":94,"column":11}},"locations":[{"start":{"line":93,"column":46},"end":{"line":94,"column":11}}]},"18":{"type":"branch","line":94,"loc":{"start":{"line":94,"column":2},"end":{"line":97,"column":3}},"locations":[{"start":{"line":94,"column":2},"end":{"line":97,"column":3}}]},"19":{"type":"branch","line":95,"loc":{"start":{"line":95,"column":33},"end":{"line":97,"column":3}},"locations":[{"start":{"line":95,"column":33},"end":{"line":97,"column":3}}]}},"b":{"0":[2],"1":[8],"2":[7],"3":[2],"4":[2],"5":[4],"6":[0],"7":[0],"8":[2],"9":[1],"10":[3],"11":[0],"12":[2],"13":[4],"14":[0],"15":[2],"16":[3],"17":[1],"18":[2],"19":[1]},"fnMap":{"0":{"name":"saveForm","decl":{"start":{"line":31,"column":0},"end":{"line":39,"column":1}},"loc":{"start":{"line":31,"column":0},"end":{"line":39,"column":1}},"line":31},"1":{"name":"loadForm","decl":{"start":{"line":41,"column":0},"end":{"line":45,"column":1}},"loc":{"start":{"line":41,"column":0},"end":{"line":45,"column":1}},"line":41},"2":{"name":"formExists","decl":{"start":{"line":47,"column":0},"end":{"line":50,"column":1}},"loc":{"start":{"line":47,"column":0},"end":{"line":50,"column":1}},"line":47},"3":{"name":"listForms","decl":{"start":{"line":52,"column":0},"end":{"line":88,"column":1}},"loc":{"start":{"line":52,"column":0},"end":{"line":88,"column":1}},"line":52},"4":{"name":"meta","decl":{"start":{"line":57,"column":26},"end":{"line":68,"column":3}},"loc":{"start":{"line":57,"column":26},"end":{"line":68,"column":3}},"line":57},"5":{"name":"deleteForm","decl":{"start":{"line":90,"column":0},"end":{"line":98,"column":1}},"loc":{"start":{"line":90,"column":0},"end":{"line":98,"column":1}},"line":90}},"f":{"0":2,"1":8,"2":2,"3":2,"4":2,"5":3}}
,"C:\\Users\\User\\Documents\\Gate-Wize\\app\\backend\\src\\routes\\form.ts": {"path":"C:\\Users\\User\\Documents\\Gate-Wize\\app\\backend\\src\\routes\\form.ts","all":false,"statementMap":{"0":{"start":{"line":1,"column":0},"end":{"line":1,"column":3}},"25":{"start":{"line":26,"column":0},"end":{"line":26,"column":33}},"26":{"start":{"line":27,"column":0},"end":{"line":27,"column":108}},"28":{"start":{"line":29,"column":0},"end":{"line":29,"column":24}},"30":{"start":{"line":31,"column":0},"end":{"line":31,"column":43}},"31":{"start":{"line":32,"column":0},"end":{"line":32,"column":7}},"33":{"start":{"line":34,"column":0},"end":{"line":34,"column":26}},"34":{"start":{"line":35,"column":0},"end":{"line":35,"column":25}},"35":{"start":{"line":36,"column":0},"end":{"line":36,"column":61}},"36":{"start":{"line":37,"column":0},"end":{"line":37,"column":23}},"37":{"start":{"line":38,"column":0},"end":{"line":38,"column":5}},"38":{"start":{"line":39,"column":0},"end":{"line":39,"column":49}},"40":{"start":{"line":41,"column":0},"end":{"line":41,"column":24}},"41":{"start":{"line":42,"column":0},"end":{"line":42,"column":42}},"42":{"start":{"line":43,"column":0},"end":{"line":43,"column":60}},"43":{"start":{"line":44,"column":0},"end":{"line":44,"column":56}},"44":{"start":{"line":45,"column":0},"end":{"line":45,"column":72}},"45":{"start":{"line":46,"column":0},"end":{"line":46,"column":40}},"46":{"start":{"line":47,"column":0},"end":{"line":47,"column":43}},"47":{"start":{"line":48,"column":0},"end":{"line":48,"column":5}},"49":{"start":{"line":50,"column":0},"end":{"line":50,"column":29}},"50":{"start":{"line":51,"column":0},"end":{"line":51,"column":27}},"51":{"start":{"line":52,"column":0},"end":{"line":52,"column":15}},"52":{"start":{"line":53,"column":0},"end":{"line":53,"column":21}},"53":{"start":{"line":54,"column":0},"end":{"line":54,"column":58}},"54":{"start":{"line":55,"column":0},"end":{"line":55,"column":3}},"55":{"start":{"line":56,"column":0},"end":{"line":56,"column":3}},"57":{"start":{"line":58,"column":0},"end":{"line":58,"column":45}},"58":{"start":{"line":59,"column":0},"end":{"line":59,"column":7}},"59":{"start":{"line":60,"column":0},"end":{"line":60,"column":29}},"60":{"start":{"line":61,"column":0},"end":{"line":61,"column":35}},"61":{"start":{"line":62,"column":0},"end":{"line":62,"column":38}},"62":{"start":{"line":63,"column":0},"end":{"line":63,"column":15}},"63":{"start":{"line":64,"column":0},"end":{"line":64,"column":21}},"64":{"start":{"line":65,"column":0},"end":{"line":65,"column":58}},"65":{"start":{"line":66,"column":0},"end":{"line":66,"column":3}},"66":{"start":{"line":67,"column":0},"end":{"line":67,"column":3}},"68":{"start":{"line":69,"column":0},"end":{"line":69,"column":47}},"69":{"start":{"line":70,"column":0},"end":{"line":70,"column":7}},"70":{"start":{"line":71,"column":0},"end":{"line":71,"column":29}},"71":{"start":{"line":72,"column":0},"end":{"line":72,"column":40}},"72":{"start":{"line":73,"column":0},"end":{"line":73,"column":41}},"73":{"start":{"line":74,"column":0},"end":{"line":74,"column":15}},"74":{"start":{"line":75,"column":0},"end":{"line":75,"column":21}},"75":{"start":{"line":76,"column":0},"end":{"line":76,"column":58}},"76":{"start":{"line":77,"column":0},"end":{"line":77,"column":3}},"77":{"start":{"line":78,"column":0},"end":{"line":78,"column":3}},"79":{"start":{"line":80,"column":0},"end":{"line":80,"column":41}},"80":{"start":{"line":81,"column":0},"end":{"line":81,"column":7}},"82":{"start":{"line":83,"column":0},"end":{"line":83,"column":71}},"83":{"start":{"line":84,"column":0},"end":{"line":84,"column":54}},"84":{"start":{"line":85,"column":0},"end":{"line":85,"column":40}},"85":{"start":{"line":86,"column":0},"end":{"line":86,"column":15}},"86":{"start":{"line":87,"column":0},"end":{"line":87,"column":21}},"87":{"start":{"line":88,"column":0},"end":{"line":88,"column":58}},"88":{"start":{"line":89,"column":0},"end":{"line":89,"column":3}},"89":{"start":{"line":90,"column":0},"end":{"line":90,"column":3}},"91":{"start":{"line":92,"column":0},"end":{"line":92,"column":50}},"92":{"start":{"line":93,"column":0},"end":{"line":93,"column":7}},"93":{"start":{"line":94,"column":0},"end":{"line":94,"column":29}},"94":{"start":{"line":95,"column":0},"end":{"line":95,"column":25}},"95":{"start":{"line":96,"column":0},"end":{"line":96,"column":27}},"96":{"start":{"line":97,"column":0},"end":{"line":97,"column":15}},"97":{"start":{"line":98,"column":0},"end":{"line":98,"column":21}},"98":{"start":{"line":99,"column":0},"end":{"line":99,"column":58}},"99":{"start":{"line":100,"column":0},"end":{"line":100,"column":3}},"100":{"start":{"line":101,"column":0},"end":{"line":101,"column":3}},"102":{"start":{"line":103,"column":0},"end":{"line":103,"column":22}}},"s":{"0":1,"25":1,"26":1,"28":1,"30":1,"31":4,"33":4,"34":4,"35":4,"36":1,"37":1,"38":4,"40":4,"41":4,"42":4,"43":4,"44":4,"45":4,"46":0,"47":0,"49":4,"50":3,"51":4,"52":1,"53":1,"54":1,"55":4,"57":1,"58":2,"59":2,"60":2,"61":1,"62":1,"63":1,"64":1,"65":1,"66":2,"68":1,"69":2,"70":2,"71":2,"72":2,"73":2,"74":0,"75":0,"76":0,"77":2,"79":1,"80":2,"82":2,"83":2,"84":2,"85":2,"86":0,"87":0,"88":0,"89":2,"91":1,"92":2,"93":2,"94":2,"95":1,"96":1,"97":1,"98":1,"99":1,"100":2,"102":1},"branchMap":{"0":{"type":"branch","line":31,"loc":{"start":{"line":31,"column":22},"end":{"line":56,"column":3}},"locations":[{"start":{"line":31,"column":22},"end":{"line":56,"column":3}}]},"1":{"type":"branch","line":36,"loc":{"start":{"line":36,"column":60},"end":{"line":38,"column":5}},"locations":[{"start":{"line":36,"column":60},"end":{"line":38,"column":5}}]},"2":{"type":"branch","line":46,"loc":{"start":{"line":46,"column":39},"end":{"line":48,"column":5}},"locations":[{"start":{"line":46,"column":39},"end":{"line":48,"column":5}}]},"3":{"type":"branch","line":50,"loc":{"start":{"line":50,"column":27},"end":{"line":52,"column":11}},"locations":[{"start":{"line":50,"column":27},"end":{"line":52,"column":11}}]},"4":{"type":"branch","line":52,"loc":{"start":{"line":52,"column":2},"end":{"line":55,"column":3}},"locations":[{"start":{"line":52,"column":2},"end":{"line":55,"column":3}}]},"5":{"type":"branch","line":58,"loc":{"start":{"line":58,"column":24},"end":{"line":67,"column":3}},"locations":[{"start":{"line":58,"column":24},"end":{"line":67,"column":3}}]},"6":{"type":"branch","line":61,"loc":{"start":{"line":61,"column":33},"end":{"line":66,"column":3}},"locations":[{"start":{"line":61,"column":33},"end":{"line":66,"column":3}}]},"7":{"type":"branch","line":69,"loc":{"start":{"line":69,"column":26},"end":{"line":78,"column":3}},"locations":[{"start":{"line":69,"column":26},"end":{"line":78,"column":3}}]},"8":{"type":"branch","line":74,"loc":{"start":{"line":74,"column":2},"end":{"line":77,"column":3}},"locations":[{"start":{"line":74,"column":2},"end":{"line":77,"column":3}}]},"9":{"type":"branch","line":80,"loc":{"start":{"line":80,"column":20},"end":{"line":90,"column":3}},"locations":[{"start":{"line":80,"column":20},"end":{"line":90,"column":3}}]},"10":{"type":"branch","line":86,"loc":{"start":{"line":86,"column":2},"end":{"line":89,"column":3}},"locations":[{"start":{"line":86,"column":2},"end":{"line":89,"column":3}}]},"11":{"type":"branch","line":92,"loc":{"start":{"line":92,"column":29},"end":{"line":101,"column":3}},"locations":[{"start":{"line":92,"column":29},"end":{"line":101,"column":3}}]},"12":{"type":"branch","line":95,"loc":{"start":{"line":95,"column":23},"end":{"line":100,"column":3}},"locations":[{"start":{"line":95,"column":23},"end":{"line":100,"column":3}}]}},"b":{"0":[4],"1":[1],"2":[0],"3":[3],"4":[1],"5":[2],"6":[1],"7":[2],"8":[0],"9":[2],"10":[0],"11":[2],"12":[1]},"fnMap":{},"f":{}}
,"C:\\Users\\User\\Documents\\Gate-Wize\\app\\backend\\src\\routes\\rate-detailed-row.ts": {"path":"C:\\Users\\User\\Documents\\Gate-Wize\\app\\backend\\src\\routes\\rate-detailed-row.ts","all":false,"statementMap":{"0":{"start":{"line":1,"column":0},"end":{"line":1,"column":3}},"25":{"start":{"line":26,"column":0},"end":{"line":26,"column":33}},"26":{"start":{"line":27,"column":0},"end":{"line":27,"column":54}},"27":{"start":{"line":28,"column":0},"end":{"line":28,"column":82}},"28":{"start":{"line":29,"column":0},"end":{"line":29,"column":129}},"30":{"start":{"line":31,"column":0},"end":{"line":31,"column":24}},"32":{"start":{"line":33,"column":0},"end":{"line":33,"column":55}},"33":{"start":{"line":34,"column":0},"end":{"line":34,"column":9}},"34":{"start":{"line":35,"column":0},"end":{"line":35,"column":108}},"37":{"start":{"line":38,"column":0},"end":{"line":38,"column":56}},"38":{"start":{"line":39,"column":0},"end":{"line":39,"column":93}},"39":{"start":{"line":40,"column":0},"end":{"line":40,"column":9}},"41":{"start":{"line":42,"column":0},"end":{"line":42,"column":66}},"42":{"start":{"line":43,"column":0},"end":{"line":43,"column":98}},"43":{"start":{"line":44,"column":0},"end":{"line":44,"column":9}},"45":{"start":{"line":46,"column":0},"end":{"line":46,"column":106}},"46":{"start":{"line":47,"column":0},"end":{"line":47,"column":97}},"47":{"start":{"line":48,"column":0},"end":{"line":48,"column":9}},"49":{"start":{"line":50,"column":0},"end":{"line":50,"column":36}},"50":{"start":{"line":51,"column":0},"end":{"line":51,"column":50}},"53":{"start":{"line":54,"column":0},"end":{"line":54,"column":74}},"54":{"start":{"line":55,"column":0},"end":{"line":55,"column":67}},"55":{"start":{"line":56,"column":0},"end":{"line":56,"column":38}},"58":{"start":{"line":59,"column":0},"end":{"line":59,"column":65}},"59":{"start":{"line":60,"column":0},"end":{"line":60,"column":37}},"60":{"start":{"line":61,"column":0},"end":{"line":61,"column":93}},"61":{"start":{"line":62,"column":0},"end":{"line":62,"column":48}},"62":{"start":{"line":63,"column":0},"end":{"line":63,"column":27}},"63":{"start":{"line":64,"column":0},"end":{"line":64,"column":40}},"66":{"start":{"line":67,"column":0},"end":{"line":67,"column":67}},"67":{"start":{"line":68,"column":0},"end":{"line":68,"column":61}},"68":{"start":{"line":69,"column":0},"end":{"line":69,"column":21}},"69":{"start":{"line":70,"column":0},"end":{"line":70,"column":26}},"70":{"start":{"line":71,"column":0},"end":{"line":71,"column":27}},"71":{"start":{"line":72,"column":0},"end":{"line":72,"column":32}},"72":{"start":{"line":73,"column":0},"end":{"line":73,"column":34}},"73":{"start":{"line":74,"column":0},"end":{"line":74,"column":11}},"75":{"start":{"line":76,"column":0},"end":{"line":76,"column":48}},"76":{"start":{"line":77,"column":0},"end":{"line":77,"column":53}},"77":{"start":{"line":78,"column":0},"end":{"line":78,"column":25}},"78":{"start":{"line":79,"column":0},"end":{"line":79,"column":23}},"79":{"start":{"line":80,"column":0},"end":{"line":80,"column":18}},"80":{"start":{"line":81,"column":0},"end":{"line":81,"column":11}},"83":{"start":{"line":84,"column":0},"end":{"line":84,"column":39}},"84":{"start":{"line":85,"column":0},"end":{"line":85,"column":58}},"85":{"start":{"line":86,"column":0},"end":{"line":86,"column":47}},"86":{"start":{"line":87,"column":0},"end":{"line":87,"column":9}},"88":{"start":{"line":89,"column":0},"end":{"line":89,"column":47}},"89":{"start":{"line":90,"column":0},"end":{"line":90,"column":17}},"90":{"start":{"line":91,"column":0},"end":{"line":91,"column":55}},"91":{"start":{"line":92,"column":0},"end":{"line":92,"column":76}},"92":{"start":{"line":93,"column":0},"end":{"line":93,"column":5}},"93":{"start":{"line":94,"column":0},"end":{"line":94,"column":3}},"95":{"start":{"line":96,"column":0},"end":{"line":96,"column":22}}},"s":{"0":1,"25":1,"26":1,"27":1,"28":1,"30":1,"32":1,"33":12,"34":12,"37":12,"38":1,"39":1,"41":12,"42":1,"43":1,"45":12,"46":2,"47":2,"49":8,"50":8,"53":12,"54":2,"55":6,"58":12,"59":7,"60":7,"61":7,"62":7,"63":1,"66":12,"67":12,"68":12,"69":12,"70":12,"71":12,"72":12,"73":12,"75":12,"76":12,"77":12,"78":12,"79":12,"80":12,"83":7,"84":12,"85":6,"86":6,"88":7,"89":12,"90":1,"91":1,"92":1,"93":12,"95":1},"branchMap":{"0":{"type":"branch","line":33,"loc":{"start":{"line":33,"column":34},"end":{"line":94,"column":3}},"locations":[{"start":{"line":33,"column":34},"end":{"line":94,"column":3}}]},"1":{"type":"branch","line":35,"loc":{"start":{"line":35,"column":97},"end":{"line":35,"column":108}},"locations":[{"start":{"line":35,"column":97},"end":{"line":35,"column":108}}]},"2":{"type":"branch","line":38,"loc":{"start":{"line":38,"column":13},"end":{"line":38,"column":55}},"locations":[{"start":{"line":38,"column":13},"end":{"line":38,"column":55}}]},"3":{"type":"branch","line":38,"loc":{"start":{"line":38,"column":55},"end":{"line":40,"column":9}},"locations":[{"start":{"line":38,"column":55},"end":{"line":40,"column":9}}]},"4":{"type":"branch","line":40,"loc":{"start":{"line":40,"column":8},"end":{"line":42,"column":30}},"locations":[{"start":{"line":40,"column":8},"end":{"line":42,"column":30}}]},"5":{"type":"branch","line":42,"loc":{"start":{"line":42,"column":13},"end":{"line":42,"column":65}},"locations":[{"start":{"line":42,"column":13},"end":{"line":42,"column":65}}]},"6":{"type":"branch","line":42,"loc":{"start":{"line":42,"column":65},"end":{"line":44,"column":9}},"locations":[{"start":{"line":42,"column":65},"end":{"line":44,"column":9}}]},"7":{"type":"branch","line":44,"loc":{"start":{"line":44,"column":8},"end":{"line":46,"column":31}},"locations":[{"start":{"line":44,"column":8},"end":{"line":46,"column":31}}]},"8":{"type":"branch","line":46,"loc":{"start":{"line":46,"column":13},"end":{"line":46,"column":69}},"locations":[{"start":{"line":46,"column":13},"end":{"line":46,"column":69}}]},"9":{"type":"branch","line":46,"loc":{"start":{"line":46,"column":57},"end":{"line":46,"column":105}},"locations":[{"start":{"line":46,"column":57},"end":{"line":46,"column":105}}]},"10":{"type":"branch","line":46,"loc":{"start":{"line":46,"column":105},"end":{"line":48,"column":9}},"locations":[{"start":{"line":46,"column":105},"end":{"line":48,"column":9}}]},"11":{"type":"branch","line":48,"loc":{"start":{"line":48,"column":8},"end":{"line":54,"column":55}},"locations":[{"start":{"line":48,"column":8},"end":{"line":54,"column":55}}]},"12":{"type":"branch","line":54,"loc":{"start":{"line":54,"column":50},"end":{"line":54,"column":74}},"locations":[{"start":{"line":54,"column":50},"end":{"line":54,"column":74}}]},"13":{"type":"branch","line":54,"loc":{"start":{"line":54,"column":73},"end":{"line":55,"column":67}},"locations":[{"start":{"line":54,"column":73},"end":{"line":55,"column":67}}]},"14":{"type":"branch","line":55,"loc":{"start":{"line":55,"column":66},"end":{"line":56,"column":38}},"locations":[{"start":{"line":55,"column":66},"end":{"line":56,"column":38}}]},"15":{"type":"branch","line":59,"loc":{"start":{"line":59,"column":27},"end":{"line":59,"column":65}},"locations":[{"start":{"line":59,"column":27},"end":{"line":59,"column":65}}]},"16":{"type":"branch","line":59,"loc":{"start":{"line":59,"column":57},"end":{"line":63,"column":27}},"locations":[{"start":{"line":59,"column":57},"end":{"line":63,"column":27}}]},"17":{"type":"branch","line":63,"loc":{"start":{"line":63,"column":26},"end":{"line":64,"column":40}},"locations":[{"start":{"line":63,"column":26},"end":{"line":64,"column":40}}]},"18":{"type":"branch","line":81,"loc":{"start":{"line":81,"column":9},"end":{"line":85,"column":41}},"locations":[{"start":{"line":81,"column":9},"end":{"line":85,"column":41}}]},"19":{"type":"branch","line":85,"loc":{"start":{"line":85,"column":30},"end":{"line":85,"column":57}},"locations":[{"start":{"line":85,"column":30},"end":{"line":85,"column":57}}]},"20":{"type":"branch","line":85,"loc":{"start":{"line":85,"column":57},"end":{"line":87,"column":9}},"locations":[{"start":{"line":85,"column":57},"end":{"line":87,"column":9}}]},"21":{"type":"branch","line":87,"loc":{"start":{"line":87,"column":8},"end":{"line":90,"column":13}},"locations":[{"start":{"line":87,"column":8},"end":{"line":90,"column":13}}]},"22":{"type":"branch","line":90,"loc":{"start":{"line":90,"column":4},"end":{"line":93,"column":5}},"locations":[{"start":{"line":90,"column":4},"end":{"line":93,"column":5}}]},"23":{"type":"branch","line":55,"loc":{"start":{"line":55,"column":27},"end":{"line":55,"column":55}},"locations":[{"start":{"line":55,"column":27},"end":{"line":55,"column":55}}]},"24":{"type":"branch","line":61,"loc":{"start":{"line":61,"column":24},"end":{"line":61,"column":92}},"locations":[{"start":{"line":61,"column":24},"end":{"line":61,"column":92}}]},"25":{"type":"branch","line":61,"loc":{"start":{"line":61,"column":42},"end":{"line":61,"column":69}},"locations":[{"start":{"line":61,"column":42},"end":{"line":61,"column":69}}]},"26":{"type":"branch","line":61,"loc":{"start":{"line":61,"column":56},"end":{"line":61,"column":92}},"locations":[{"start":{"line":61,"column":56},"end":{"line":61,"column":92}}]},"27":{"type":"branch","line":62,"loc":{"start":{"line":62,"column":21},"end":{"line":62,"column":47}},"locations":[{"start":{"line":62,"column":21},"end":{"line":62,"column":47}}]}},"b":{"0":[12],"1":[0],"2":[11],"3":[1],"4":[11],"5":[10],"6":[1],"7":[10],"8":[9],"9":[9],"10":[2],"11":[8],"12":[2],"13":[2],"14":[6],"15":[7],"16":[7],"17":[1],"18":[7],"19":[1],"20":[6],"21":[7],"22":[1],"23":[5],"24":[8],"25":[7],"26":[7],"27":[6]},"fnMap":{},"f":{}}
,"C:\\Users\\User\\Documents\\Gate-Wize\\app\\backend\\src\\routes\\rate-simple-field.ts": {"path":"C:\\Users\\User\\Documents\\Gate-Wize\\app\\backend\\src\\routes\\rate-simple-field.ts","all":false,"statementMap":{"0":{"start":{"line":1,"column":0},"end":{"line":1,"column":3}},"25":{"start":{"line":26,"column":0},"end":{"line":26,"column":33}},"26":{"start":{"line":27,"column":0},"end":{"line":27,"column":54}},"27":{"start":{"line":28,"column":0},"end":{"line":28,"column":82}},"28":{"start":{"line":29,"column":0},"end":{"line":29,"column":129}},"30":{"start":{"line":31,"column":0},"end":{"line":31,"column":24}},"32":{"start":{"line":33,"column":0},"end":{"line":33,"column":55}},"33":{"start":{"line":34,"column":0},"end":{"line":34,"column":9}},"34":{"start":{"line":35,"column":0},"end":{"line":35,"column":75}},"37":{"start":{"line":38,"column":0},"end":{"line":38,"column":56}},"38":{"start":{"line":39,"column":0},"end":{"line":39,"column":93}},"39":{"start":{"line":40,"column":0},"end":{"line":40,"column":9}},"41":{"start":{"line":42,"column":0},"end":{"line":42,"column":79}},"42":{"start":{"line":43,"column":0},"end":{"line":43,"column":88}},"43":{"start":{"line":44,"column":0},"end":{"line":44,"column":9}},"45":{"start":{"line":46,"column":0},"end":{"line":46,"column":36}},"46":{"start":{"line":47,"column":0},"end":{"line":47,"column":50}},"49":{"start":{"line":50,"column":0},"end":{"line":50,"column":74}},"50":{"start":{"line":51,"column":0},"end":{"line":51,"column":67}},"51":{"start":{"line":52,"column":0},"end":{"line":52,"column":38}},"54":{"start":{"line":55,"column":0},"end":{"line":55,"column":67}},"55":{"start":{"line":56,"column":0},"end":{"line":56,"column":61}},"56":{"start":{"line":57,"column":0},"end":{"line":57,"column":21}},"57":{"start":{"line":58,"column":0},"end":{"line":58,"column":18}},"58":{"start":{"line":59,"column":0},"end":{"line":59,"column":34}},"59":{"start":{"line":60,"column":0},"end":{"line":60,"column":11}},"61":{"start":{"line":62,"column":0},"end":{"line":62,"column":48}},"62":{"start":{"line":63,"column":0},"end":{"line":63,"column":53}},"63":{"start":{"line":64,"column":0},"end":{"line":64,"column":25}},"64":{"start":{"line":65,"column":0},"end":{"line":65,"column":23}},"65":{"start":{"line":66,"column":0},"end":{"line":66,"column":18}},"66":{"start":{"line":67,"column":0},"end":{"line":67,"column":11}},"69":{"start":{"line":70,"column":0},"end":{"line":70,"column":39}},"70":{"start":{"line":71,"column":0},"end":{"line":71,"column":58}},"71":{"start":{"line":72,"column":0},"end":{"line":72,"column":47}},"72":{"start":{"line":73,"column":0},"end":{"line":73,"column":9}},"74":{"start":{"line":75,"column":0},"end":{"line":75,"column":47}},"75":{"start":{"line":76,"column":0},"end":{"line":76,"column":17}},"76":{"start":{"line":77,"column":0},"end":{"line":77,"column":55}},"77":{"start":{"line":78,"column":0},"end":{"line":78,"column":76}},"78":{"start":{"line":79,"column":0},"end":{"line":79,"column":5}},"79":{"start":{"line":80,"column":0},"end":{"line":80,"column":3}},"81":{"start":{"line":82,"column":0},"end":{"line":82,"column":22}}},"s":{"0":1,"25":1,"26":1,"27":1,"28":1,"30":1,"32":1,"33":10,"34":10,"37":10,"38":2,"39":2,"41":10,"42":2,"43":2,"45":6,"46":6,"49":10,"50":2,"51":4,"54":10,"55":10,"56":10,"57":10,"58":10,"59":10,"61":10,"62":10,"63":10,"64":10,"65":10,"66":10,"69":5,"70":10,"71":4,"72":4,"74":5,"75":10,"76":1,"77":1,"78":1,"79":10,"81":1},"branchMap":{"0":{"type":"branch","line":33,"loc":{"start":{"line":33,"column":34},"end":{"line":80,"column":3}},"locations":[{"start":{"line":33,"column":34},"end":{"line":80,"column":3}}]},"1":{"type":"branch","line":35,"loc":{"start":{"line":35,"column":64},"end":{"line":35,"column":75}},"locations":[{"start":{"line":35,"column":64},"end":{"line":35,"column":75}}]},"2":{"type":"branch","line":38,"loc":{"start":{"line":38,"column":13},"end":{"line":38,"column":55}},"locations":[{"start":{"line":38,"column":13},"end":{"line":38,"column":55}}]},"3":{"type":"branch","line":38,"loc":{"start":{"line":38,"column":55},"end":{"line":40,"column":9}},"locations":[{"start":{"line":38,"column":55},"end":{"line":40,"column":9}}]},"4":{"type":"branch","line":40,"loc":{"start":{"line":40,"column":8},"end":{"line":42,"column":22}},"locations":[{"start":{"line":40,"column":8},"end":{"line":42,"column":22}}]},"5":{"type":"branch","line":42,"loc":{"start":{"line":42,"column":13},"end":{"line":42,"column":51}},"locations":[{"start":{"line":42,"column":13},"end":{"line":42,"column":51}}]},"6":{"type":"branch","line":42,"loc":{"start":{"line":42,"column":39},"end":{"line":42,"column":78}},"locations":[{"start":{"line":42,"column":39},"end":{"line":42,"column":78}}]},"7":{"type":"branch","line":42,"loc":{"start":{"line":42,"column":78},"end":{"line":44,"column":9}},"locations":[{"start":{"line":42,"column":78},"end":{"line":44,"column":9}}]},"8":{"type":"branch","line":44,"loc":{"start":{"line":44,"column":8},"end":{"line":50,"column":55}},"locations":[{"start":{"line":44,"column":8},"end":{"line":50,"column":55}}]},"9":{"type":"branch","line":50,"loc":{"start":{"line":50,"column":50},"end":{"line":50,"column":74}},"locations":[{"start":{"line":50,"column":50},"end":{"line":50,"column":74}}]},"10":{"type":"branch","line":50,"loc":{"start":{"line":50,"column":73},"end":{"line":51,"column":67}},"locations":[{"start":{"line":50,"column":73},"end":{"line":51,"column":67}}]},"11":{"type":"branch","line":51,"loc":{"start":{"line":51,"column":66},"end":{"line":52,"column":38}},"locations":[{"start":{"line":51,"column":66},"end":{"line":52,"column":38}}]},"12":{"type":"branch","line":67,"loc":{"start":{"line":67,"column":9},"end":{"line":71,"column":41}},"locations":[{"start":{"line":67,"column":9},"end":{"line":71,"column":41}}]},"13":{"type":"branch","line":71,"loc":{"start":{"line":71,"column":30},"end":{"line":71,"column":57}},"locations":[{"start":{"line":71,"column":30},"end":{"line":71,"column":57}}]},"14":{"type":"branch","line":71,"loc":{"start":{"line":71,"column":57},"end":{"line":73,"column":9}},"locations":[{"start":{"line":71,"column":57},"end":{"line":73,"column":9}}]},"15":{"type":"branch","line":73,"loc":{"start":{"line":73,"column":8},"end":{"line":76,"column":13}},"locations":[{"start":{"line":73,"column":8},"end":{"line":76,"column":13}}]},"16":{"type":"branch","line":76,"loc":{"start":{"line":76,"column":4},"end":{"line":79,"column":5}},"locations":[{"start":{"line":76,"column":4},"end":{"line":79,"column":5}}]},"17":{"type":"branch","line":51,"loc":{"start":{"line":51,"column":27},"end":{"line":51,"column":55}},"locations":[{"start":{"line":51,"column":27},"end":{"line":51,"column":55}}]}},"b":{"0":[10],"1":[0],"2":[9],"3":[2],"4":[8],"5":[7],"6":[7],"7":[2],"8":[6],"9":[2],"10":[2],"11":[4],"12":[5],"13":[1],"14":[4],"15":[5],"16":[1],"17":[5]},"fnMap":{},"f":{}}
}
